[2024-12-27 10:28:40] local.INFO: Transactions with users: {"sample_transaction":{"App\\Models\\Transaction":{"id":"9dd2e79f-46e6-4ad6-bafb-49319a6eb997","user_id":"3e2a1694-4958-4ff0-9d2d-a03031597266","amount":"5000.00","type":"debit","description":"Withdrawal to OPay Digital Services Limited (OPay) - 9029445486","category":"withdrawal","status":"completed","payment_method":"bank_transfer","reference_number":"WTH-676e729aa25ed","notes":{"bank_account_id":"9dcdd3a5-056d-42a9-8bf8-6dc0765c87c5","recipient_code":"RCP_sy6gf2xfyx7s9dt","status_update":{"from":"pending","to":"completed","date":"2024-12-27 10:09:12","note":"You withdrawal request has been processed"}},"created_at":"2024-12-27T09:25:46.000000Z","updated_at":"2024-12-27T10:09:12.000000Z","user":{"id":"3e2a1694-4958-4ff0-9d2d-a03031597266","username":"ruth","email":"omoiguiruth@gmail.com","email_verified_at":null,"status":"active","first_name":"Omoigui","last_name":"Ruth","bio":null,"timezone":null,"avatar":"http://192.168.43.190:8000/storage/avatars/cvabRtmZUv65WlPaYVsNRmX2tL06mzsdk9B5lG0b.jpg","account_type":"student","wallet_balance":"150915.36","dark_mode":false,"email_notifications":true,"push_notifications":true,"marketing_notifications":true,"profile_visibility":"public","created_at":"2024-12-24T15:57:23.000000Z","updated_at":"2024-12-27T10:15:06.000000Z","two_factor_enabled":true,"deleted_at":null}}},"has_user":"yes","user_details":{"App\\Models\\User":{"id":"3e2a1694-4958-4ff0-9d2d-a03031597266","username":"ruth","email":"omoiguiruth@gmail.com","email_verified_at":null,"status":"active","first_name":"Omoigui","last_name":"Ruth","bio":null,"timezone":null,"avatar":"http://192.168.43.190:8000/storage/avatars/cvabRtmZUv65WlPaYVsNRmX2tL06mzsdk9B5lG0b.jpg","account_type":"student","wallet_balance":"150915.36","dark_mode":false,"email_notifications":true,"push_notifications":true,"marketing_notifications":true,"profile_visibility":"public","created_at":"2024-12-24T15:57:23.000000Z","updated_at":"2024-12-27T10:15:06.000000Z","two_factor_enabled":true,"deleted_at":null}}} 
[2024-12-27 10:28:59] local.INFO: Transactions with users: {"sample_transaction":{"App\\Models\\Transaction":{"id":"9dcd4765-6eb3-43da-86df-c26169c2250b","user_id":"74116e3c-1a91-4b2a-b3b8-cebf23c792e6","amount":"2000.00","type":"debit","description":"Withdrawal to Guaranty Trust Bank - 0590735752","category":"withdrawal","status":"pending","payment_method":"bank_transfer","reference_number":"WTH-676ac2bccfa67","notes":{"bank_account_id":"9dcd4761-c1bd-47da-9a58-ac1caa227750","recipient_code":"RCP_b7or4fpdq4fn7uw"},"created_at":"2024-12-24T14:18:36.000000Z","updated_at":"2024-12-24T14:18:36.000000Z","user":{"id":"74116e3c-1a91-4b2a-b3b8-cebf23c792e6","username":"maihiben","email":"maihiben@gmail.com","email_verified_at":null,"status":"active","first_name":"Ojabuo","last_name":"Miracle","bio":null,"timezone":null,"avatar":"http://192.168.43.190:8000/storage/avatars/z3DTCtt06J57iKagfSW8yKtgJk3WG1WTrJvIWLCj.jpg","account_type":"student","wallet_balance":"305406.51","dark_mode":true,"email_notifications":true,"push_notifications":false,"marketing_notifications":true,"profile_visibility":"public","created_at":"2024-12-20T20:02:31.000000Z","updated_at":"2024-12-27T10:24:02.000000Z","two_factor_enabled":false,"deleted_at":null}}},"has_user":"yes","user_details":{"App\\Models\\User":{"id":"74116e3c-1a91-4b2a-b3b8-cebf23c792e6","username":"maihiben","email":"maihiben@gmail.com","email_verified_at":null,"status":"active","first_name":"Ojabuo","last_name":"Miracle","bio":null,"timezone":null,"avatar":"http://192.168.43.190:8000/storage/avatars/z3DTCtt06J57iKagfSW8yKtgJk3WG1WTrJvIWLCj.jpg","account_type":"student","wallet_balance":"305406.51","dark_mode":true,"email_notifications":true,"push_notifications":false,"marketing_notifications":true,"profile_visibility":"public","created_at":"2024-12-20T20:02:31.000000Z","updated_at":"2024-12-27T10:24:02.000000Z","two_factor_enabled":false,"deleted_at":null}}} 
[2024-12-27 10:29:31] local.INFO: Creating notification: {"type":"transaction_status_updated","title":"Transaction Completed","message":"Your transaction #WTH-676ac2bccfa67 has been completed successfully.","action_url":"/transactions/9dcd4765-6eb3-43da-86df-c26169c2250b","extra_data":{"transaction_id":"9dcd4765-6eb3-43da-86df-c26169c2250b","old_status":"completed","new_status":"completed","wallet_updated":false}} 
[2024-12-27 10:29:31] local.INFO: Notification created: {"id":"9dd2fe6a-f95b-498b-81be-5632dd327f91"} 
[2024-12-27 10:29:31] local.INFO: Broadcasting notification  
[2024-12-27 10:31:32] local.INFO: Transactions with users: {"sample_transaction":{"App\\Models\\Transaction":{"id":"9dd2ff0a-c92f-40b3-abb5-9735b07fd7c2","user_id":"74116e3c-1a91-4b2a-b3b8-cebf23c792e6","amount":"17000.00","type":"credit","description":"Bank Transfer Funding","category":null,"status":"pending","payment_method":"Bank Transfer","reference_number":"BT-l1xtyVQQBP","notes":"payment_proofs/2024/12/74116e3c-1a91-4b2a-b3b8-cebf23c792e6_20241227103115_A361ZZ.png","created_at":"2024-12-27T10:31:15.000000Z","updated_at":"2024-12-27T10:31:15.000000Z","user":{"id":"74116e3c-1a91-4b2a-b3b8-cebf23c792e6","username":"maihiben","email":"maihiben@gmail.com","email_verified_at":null,"status":"active","first_name":"Ojabuo","last_name":"Miracle","bio":null,"timezone":null,"avatar":"http://192.168.43.190:8000/storage/avatars/z3DTCtt06J57iKagfSW8yKtgJk3WG1WTrJvIWLCj.jpg","account_type":"student","wallet_balance":"305406.51","dark_mode":true,"email_notifications":true,"push_notifications":false,"marketing_notifications":true,"profile_visibility":"public","created_at":"2024-12-20T20:02:31.000000Z","updated_at":"2024-12-27T10:24:02.000000Z","two_factor_enabled":false,"deleted_at":null}}},"has_user":"yes","user_details":{"App\\Models\\User":{"id":"74116e3c-1a91-4b2a-b3b8-cebf23c792e6","username":"maihiben","email":"maihiben@gmail.com","email_verified_at":null,"status":"active","first_name":"Ojabuo","last_name":"Miracle","bio":null,"timezone":null,"avatar":"http://192.168.43.190:8000/storage/avatars/z3DTCtt06J57iKagfSW8yKtgJk3WG1WTrJvIWLCj.jpg","account_type":"student","wallet_balance":"305406.51","dark_mode":true,"email_notifications":true,"push_notifications":false,"marketing_notifications":true,"profile_visibility":"public","created_at":"2024-12-20T20:02:31.000000Z","updated_at":"2024-12-27T10:24:02.000000Z","two_factor_enabled":false,"deleted_at":null}}} 
[2024-12-27 10:31:35] local.INFO: Transactions with users: {"sample_transaction":{"App\\Models\\Transaction":{"id":"9dd2ff0a-c92f-40b3-abb5-9735b07fd7c2","user_id":"74116e3c-1a91-4b2a-b3b8-cebf23c792e6","amount":"17000.00","type":"credit","description":"Bank Transfer Funding","category":null,"status":"pending","payment_method":"Bank Transfer","reference_number":"BT-l1xtyVQQBP","notes":"payment_proofs/2024/12/74116e3c-1a91-4b2a-b3b8-cebf23c792e6_20241227103115_A361ZZ.png","created_at":"2024-12-27T10:31:15.000000Z","updated_at":"2024-12-27T10:31:15.000000Z","user":{"id":"74116e3c-1a91-4b2a-b3b8-cebf23c792e6","username":"maihiben","email":"maihiben@gmail.com","email_verified_at":null,"status":"active","first_name":"Ojabuo","last_name":"Miracle","bio":null,"timezone":null,"avatar":"http://192.168.43.190:8000/storage/avatars/z3DTCtt06J57iKagfSW8yKtgJk3WG1WTrJvIWLCj.jpg","account_type":"student","wallet_balance":"305406.51","dark_mode":true,"email_notifications":true,"push_notifications":false,"marketing_notifications":true,"profile_visibility":"public","created_at":"2024-12-20T20:02:31.000000Z","updated_at":"2024-12-27T10:24:02.000000Z","two_factor_enabled":false,"deleted_at":null}}},"has_user":"yes","user_details":{"App\\Models\\User":{"id":"74116e3c-1a91-4b2a-b3b8-cebf23c792e6","username":"maihiben","email":"maihiben@gmail.com","email_verified_at":null,"status":"active","first_name":"Ojabuo","last_name":"Miracle","bio":null,"timezone":null,"avatar":"http://192.168.43.190:8000/storage/avatars/z3DTCtt06J57iKagfSW8yKtgJk3WG1WTrJvIWLCj.jpg","account_type":"student","wallet_balance":"305406.51","dark_mode":true,"email_notifications":true,"push_notifications":false,"marketing_notifications":true,"profile_visibility":"public","created_at":"2024-12-20T20:02:31.000000Z","updated_at":"2024-12-27T10:24:02.000000Z","two_factor_enabled":false,"deleted_at":null}}} 
[2024-12-27 10:31:41] local.ERROR: foreach() argument must be of type array|object, string given {"view":{"view":"C:\\Users\\user\\Documents\\WEB PROJECTS\\TEKIPLANET\\tekiplanet-done-with-front\\backend\\resources\\views\\admin\\transactions\\show.blade.php","data":{"errors":"<pre class=sf-dump id=sf-dump-1969941096 data-indent-pad=\"  \"><span class=sf-dump-note>Illuminate\\Support\\ViewErrorBag</span> {<a class=sf-dump-ref>#1719</a><samp data-depth=1 class=sf-dump-expanded>
  #<span class=sf-dump-protected title=\"Protected property\">bags</span>: []
</samp>}
</pre><script>Sfdump(\"sf-dump-1969941096\", {\"maxDepth\":3,\"maxStringLength\":160})</script>
","transaction":"<pre class=sf-dump id=sf-dump-485701392 data-indent-pad=\"  \"><span class=sf-dump-note>App\\Models\\Transaction</span> {<a class=sf-dump-ref>#3001</a><samp data-depth=1 class=sf-dump-expanded>
  #<span class=sf-dump-protected title=\"Protected property\">connection</span>: \"<span class=sf-dump-str title=\"5 characters\">mysql</span>\"
  #<span class=sf-dump-protected title=\"Protected property\">table</span>: \"<span class=sf-dump-str title=\"12 characters\">transactions</span>\"
  #<span class=sf-dump-protected title=\"Protected property\">primaryKey</span>: \"<span class=sf-dump-str title=\"2 characters\">id</span>\"
  #<span class=sf-dump-protected title=\"Protected property\">keyType</span>: \"<span class=sf-dump-str title=\"3 characters\">int</span>\"
  +<span class=sf-dump-public title=\"Public property\">incrementing</span>: <span class=sf-dump-const>true</span>
  #<span class=sf-dump-protected title=\"Protected property\">with</span>: []
  #<span class=sf-dump-protected title=\"Protected property\">withCount</span>: []
  +<span class=sf-dump-public title=\"Public property\">preventsLazyLoading</span>: <span class=sf-dump-const>false</span>
  #<span class=sf-dump-protected title=\"Protected property\">perPage</span>: <span class=sf-dump-num>15</span>
  +<span class=sf-dump-public title=\"Public property\">exists</span>: <span class=sf-dump-const>true</span>
  +<span class=sf-dump-public title=\"Public property\">wasRecentlyCreated</span>: <span class=sf-dump-const>false</span>
  #<span class=sf-dump-protected title=\"Protected property\">escapeWhenCastingToString</span>: <span class=sf-dump-const>false</span>
  #<span class=sf-dump-protected title=\"Protected property\">attributes</span>: <span class=sf-dump-note>array:12</span> [<samp data-depth=2 class=sf-dump-compact>
    \"<span class=sf-dump-key>id</span>\" => \"<span class=sf-dump-str title=\"36 characters\">9dd2ff0a-c92f-40b3-abb5-9735b07fd7c2</span>\"
    \"<span class=sf-dump-key>user_id</span>\" => \"<span class=sf-dump-str title=\"36 characters\">74116e3c-1a91-4b2a-b3b8-cebf23c792e6</span>\"
    \"<span class=sf-dump-key>amount</span>\" => \"<span class=sf-dump-str title=\"8 characters\">17000.00</span>\"
    \"<span class=sf-dump-key>type</span>\" => \"<span class=sf-dump-str title=\"6 characters\">credit</span>\"
    \"<span class=sf-dump-key>description</span>\" => \"<span class=sf-dump-str title=\"21 characters\">Bank Transfer Funding</span>\"
    \"<span class=sf-dump-key>category</span>\" => <span class=sf-dump-const>null</span>
    \"<span class=sf-dump-key>status</span>\" => \"<span class=sf-dump-str title=\"7 characters\">pending</span>\"
    \"<span class=sf-dump-key>payment_method</span>\" => \"<span class=sf-dump-str title=\"13 characters\">Bank Transfer</span>\"
    \"<span class=sf-dump-key>reference_number</span>\" => \"<span class=sf-dump-str title=\"13 characters\">BT-l1xtyVQQBP</span>\"
    \"<span class=sf-dump-key>notes</span>\" => \"<span class=sf-dump-str title=\"90 characters\">&quot;payment_proofs\\/2024\\/12\\/74116e3c-1a91-4b2a-b3b8-cebf23c792e6_20241227103115_A361ZZ.png&quot;</span>\"
    \"<span class=sf-dump-key>created_at</span>\" => \"<span class=sf-dump-str title=\"19 characters\">2024-12-27 10:31:15</span>\"
    \"<span class=sf-dump-key>updated_at</span>\" => \"<span class=sf-dump-str title=\"19 characters\">2024-12-27 10:31:15</span>\"
  </samp>]
  #<span class=sf-dump-protected title=\"Protected property\">original</span>: <span class=sf-dump-note>array:12</span> [<samp data-depth=2 class=sf-dump-compact>
    \"<span class=sf-dump-key>id</span>\" => \"<span class=sf-dump-str title=\"36 characters\">9dd2ff0a-c92f-40b3-abb5-9735b07fd7c2</span>\"
    \"<span class=sf-dump-key>user_id</span>\" => \"<span class=sf-dump-str title=\"36 characters\">74116e3c-1a91-4b2a-b3b8-cebf23c792e6</span>\"
    \"<span class=sf-dump-key>amount</span>\" => \"<span class=sf-dump-str title=\"8 characters\">17000.00</span>\"
    \"<span class=sf-dump-key>type</span>\" => \"<span class=sf-dump-str title=\"6 characters\">credit</span>\"
    \"<span class=sf-dump-key>description</span>\" => \"<span class=sf-dump-str title=\"21 characters\">Bank Transfer Funding</span>\"
    \"<span class=sf-dump-key>category</span>\" => <span class=sf-dump-const>null</span>
    \"<span class=sf-dump-key>status</span>\" => \"<span class=sf-dump-str title=\"7 characters\">pending</span>\"
    \"<span class=sf-dump-key>payment_method</span>\" => \"<span class=sf-dump-str title=\"13 characters\">Bank Transfer</span>\"
    \"<span class=sf-dump-key>reference_number</span>\" => \"<span class=sf-dump-str title=\"13 characters\">BT-l1xtyVQQBP</span>\"
    \"<span class=sf-dump-key>notes</span>\" => \"<span class=sf-dump-str title=\"90 characters\">&quot;payment_proofs\\/2024\\/12\\/74116e3c-1a91-4b2a-b3b8-cebf23c792e6_20241227103115_A361ZZ.png&quot;</span>\"
    \"<span class=sf-dump-key>created_at</span>\" => \"<span class=sf-dump-str title=\"19 characters\">2024-12-27 10:31:15</span>\"
    \"<span class=sf-dump-key>updated_at</span>\" => \"<span class=sf-dump-str title=\"19 characters\">2024-12-27 10:31:15</span>\"
  </samp>]
  #<span class=sf-dump-protected title=\"Protected property\">changes</span>: []
  #<span class=sf-dump-protected title=\"Protected property\">casts</span>: <span class=sf-dump-note>array:2</span> [<samp data-depth=2 class=sf-dump-compact>
    \"<span class=sf-dump-key>amount</span>\" => \"<span class=sf-dump-str title=\"9 characters\">decimal:2</span>\"
    \"<span class=sf-dump-key>notes</span>\" => \"<span class=sf-dump-str title=\"5 characters\">array</span>\"
  </samp>]
  #<span class=sf-dump-protected title=\"Protected property\">classCastCache</span>: []
  #<span class=sf-dump-protected title=\"Protected property\">attributeCastCache</span>: []
  #<span class=sf-dump-protected title=\"Protected property\">dateFormat</span>: <span class=sf-dump-const>null</span>
  #<span class=sf-dump-protected title=\"Protected property\">appends</span>: []
  #<span class=sf-dump-protected title=\"Protected property\">dispatchesEvents</span>: []
  #<span class=sf-dump-protected title=\"Protected property\">observables</span>: []
  #<span class=sf-dump-protected title=\"Protected property\">relations</span>: <span class=sf-dump-note>array:1</span> [<samp data-depth=2 class=sf-dump-compact>
    \"<span class=sf-dump-key>user</span>\" => <span class=sf-dump-note title=\"App\\Models\\User
\"><span class=\"sf-dump-ellipsis sf-dump-ellipsis-note\">App\\Models</span><span class=\"sf-dump-ellipsis sf-dump-ellipsis-note\">\\</span>User</span> {<a class=sf-dump-ref>#2971</a><samp data-depth=3 class=sf-dump-compact>
      #<span class=sf-dump-protected title=\"Protected property\">connection</span>: \"<span class=sf-dump-str title=\"5 characters\">mysql</span>\"
      #<span class=sf-dump-protected title=\"Protected property\">table</span>: \"<span class=sf-dump-str title=\"5 characters\">users</span>\"
      #<span class=sf-dump-protected title=\"Protected property\">primaryKey</span>: \"<span class=sf-dump-str title=\"2 characters\">id</span>\"
      #<span class=sf-dump-protected title=\"Protected property\">keyType</span>: \"<span class=sf-dump-str title=\"6 characters\">string</span>\"
      +<span class=sf-dump-public title=\"Public property\">incrementing</span>: <span class=sf-dump-const>false</span>
      #<span class=sf-dump-protected title=\"Protected property\">with</span>: []
      #<span class=sf-dump-protected title=\"Protected property\">withCount</span>: []
      +<span class=sf-dump-public title=\"Public property\">preventsLazyLoading</span>: <span class=sf-dump-const>false</span>
      #<span class=sf-dump-protected title=\"Protected property\">perPage</span>: <span class=sf-dump-num>15</span>
      +<span class=sf-dump-public title=\"Public property\">exists</span>: <span class=sf-dump-const>true</span>
      +<span class=sf-dump-public title=\"Public property\">wasRecentlyCreated</span>: <span class=sf-dump-const>false</span>
      #<span class=sf-dump-protected title=\"Protected property\">escapeWhenCastingToString</span>: <span class=sf-dump-const>false</span>
      #<span class=sf-dump-protected title=\"Protected property\">attributes</span>: <span class=sf-dump-note>array:25</span> [ &#8230;25]
      #<span class=sf-dump-protected title=\"Protected property\">original</span>: <span class=sf-dump-note>array:25</span> [ &#8230;25]
      #<span class=sf-dump-protected title=\"Protected property\">changes</span>: []
      #<span class=sf-dump-protected title=\"Protected property\">casts</span>: <span class=sf-dump-note>array:9</span> [ &#8230;9]
      #<span class=sf-dump-protected title=\"Protected property\">classCastCache</span>: []
      #<span class=sf-dump-protected title=\"Protected property\">attributeCastCache</span>: []
      #<span class=sf-dump-protected title=\"Protected property\">dateFormat</span>: <span class=sf-dump-const>null</span>
      #<span class=sf-dump-protected title=\"Protected property\">appends</span>: []
      #<span class=sf-dump-protected title=\"Protected property\">dispatchesEvents</span>: []
      #<span class=sf-dump-protected title=\"Protected property\">observables</span>: []
      #<span class=sf-dump-protected title=\"Protected property\">relations</span>: []
      #<span class=sf-dump-protected title=\"Protected property\">touches</span>: []
      +<span class=sf-dump-public title=\"Public property\">timestamps</span>: <span class=sf-dump-const>true</span>
      +<span class=sf-dump-public title=\"Public property\">usesUniqueIds</span>: <span class=sf-dump-const>false</span>
      #<span class=sf-dump-protected title=\"Protected property\">hidden</span>: <span class=sf-dump-note>array:4</span> [ &#8230;4]
      #<span class=sf-dump-protected title=\"Protected property\">visible</span>: []
      #<span class=sf-dump-protected title=\"Protected property\">fillable</span>: <span class=sf-dump-note>array:18</span> [ &#8230;18]
      #<span class=sf-dump-protected title=\"Protected property\">guarded</span>: <span class=sf-dump-note>array:1</span> [ &#8230;1]
      #<span class=sf-dump-protected title=\"Protected property\">rememberTokenName</span>: \"<span class=sf-dump-str title=\"14 characters\">remember_token</span>\"
      #<span class=sf-dump-protected title=\"Protected property\">accessToken</span>: <span class=sf-dump-const>null</span>
      #<span class=sf-dump-protected title=\"Protected property\">forceDeleting</span>: <span class=sf-dump-const>false</span>
    </samp>}
  </samp>]
  #<span class=sf-dump-protected title=\"Protected property\">touches</span>: []
  +<span class=sf-dump-public title=\"Public property\">timestamps</span>: <span class=sf-dump-const>true</span>
  +<span class=sf-dump-public title=\"Public property\">usesUniqueIds</span>: <span class=sf-dump-const>true</span>
  #<span class=sf-dump-protected title=\"Protected property\">hidden</span>: []
  #<span class=sf-dump-protected title=\"Protected property\">visible</span>: []
  #<span class=sf-dump-protected title=\"Protected property\">fillable</span>: <span class=sf-dump-note>array:9</span> [<samp data-depth=2 class=sf-dump-compact>
    <span class=sf-dump-index>0</span> => \"<span class=sf-dump-str title=\"7 characters\">user_id</span>\"
    <span class=sf-dump-index>1</span> => \"<span class=sf-dump-str title=\"6 characters\">amount</span>\"
    <span class=sf-dump-index>2</span> => \"<span class=sf-dump-str title=\"4 characters\">type</span>\"
    <span class=sf-dump-index>3</span> => \"<span class=sf-dump-str title=\"11 characters\">description</span>\"
    <span class=sf-dump-index>4</span> => \"<span class=sf-dump-str title=\"8 characters\">category</span>\"
    <span class=sf-dump-index>5</span> => \"<span class=sf-dump-str title=\"6 characters\">status</span>\"
    <span class=sf-dump-index>6</span> => \"<span class=sf-dump-str title=\"14 characters\">payment_method</span>\"
    <span class=sf-dump-index>7</span> => \"<span class=sf-dump-str title=\"16 characters\">reference_number</span>\"
    <span class=sf-dump-index>8</span> => \"<span class=sf-dump-str title=\"5 characters\">notes</span>\"
  </samp>]
  #<span class=sf-dump-protected title=\"Protected property\">guarded</span>: <span class=sf-dump-note>array:1</span> [<samp data-depth=2 class=sf-dump-compact>
    <span class=sf-dump-index>0</span> => \"<span class=sf-dump-str>*</span>\"
  </samp>]
</samp>}
</pre><script>Sfdump(\"sf-dump-485701392\", {\"maxDepth\":3,\"maxStringLength\":160})</script>
"}},"userId":"9dce97a3-049d-47a5-8e3f-2083fe10966a","exception":"[object] (Spatie\\LaravelIgnition\\Exceptions\\ViewException(code: 0): foreach() argument must be of type array|object, string given at C:\\Users\\user\\Documents\\WEB PROJECTS\\TEKIPLANET\\tekiplanet-done-with-front\\backend\\resources\\views\\admin\\transactions\\show.blade.php:90)
[stacktrace]
#0 C:\\Users\\user\\Documents\\WEB PROJECTS\\TEKIPLANET\\tekiplanet-done-with-front\\backend\\vendor\\laravel\\framework\\src\\Illuminate\\Filesystem\\Filesystem.php(123): require('C:\\\\Users\\\\user\\\\D...')
#1 C:\\Users\\user\\Documents\\WEB PROJECTS\\TEKIPLANET\\tekiplanet-done-with-front\\backend\\vendor\\laravel\\framework\\src\\Illuminate\\Filesystem\\Filesystem.php(124): Illuminate\\Filesystem\\Filesystem::Illuminate\\Filesystem\\{closure}()
#2 C:\\Users\\user\\Documents\\WEB PROJECTS\\TEKIPLANET\\tekiplanet-done-with-front\\backend\\vendor\\laravel\\framework\\src\\Illuminate\\View\\Engines\\PhpEngine.php(58): Illuminate\\Filesystem\\Filesystem->getRequire('C:\\\\Users\\\\user\\\\D...', Array)
#3 C:\\Users\\user\\Documents\\WEB PROJECTS\\TEKIPLANET\\tekiplanet-done-with-front\\backend\\vendor\\laravel\\framework\\src\\Illuminate\\View\\Engines\\CompilerEngine.php(72): Illuminate\\View\\Engines\\PhpEngine->evaluatePath('C:\\\\Users\\\\user\\\\D...', Array)
#4 C:\\Users\\user\\Documents\\WEB PROJECTS\\TEKIPLANET\\tekiplanet-done-with-front\\backend\\vendor\\laravel\\framework\\src\\Illuminate\\View\\View.php(207): Illuminate\\View\\Engines\\CompilerEngine->get('C:\\\\Users\\\\user\\\\D...', Array)
#5 C:\\Users\\user\\Documents\\WEB PROJECTS\\TEKIPLANET\\tekiplanet-done-with-front\\backend\\vendor\\laravel\\framework\\src\\Illuminate\\View\\View.php(190): Illuminate\\View\\View->getContents()
#6 C:\\Users\\user\\Documents\\WEB PROJECTS\\TEKIPLANET\\tekiplanet-done-with-front\\backend\\vendor\\laravel\\framework\\src\\Illuminate\\View\\View.php(159): Illuminate\\View\\View->renderContents()
#7 C:\\Users\\user\\Documents\\WEB PROJECTS\\TEKIPLANET\\tekiplanet-done-with-front\\backend\\vendor\\laravel\\framework\\src\\Illuminate\\Http\\Response.php(69): Illuminate\\View\\View->render()
#8 C:\\Users\\user\\Documents\\WEB PROJECTS\\TEKIPLANET\\tekiplanet-done-with-front\\backend\\vendor\\laravel\\framework\\src\\Illuminate\\Http\\Response.php(35): Illuminate\\Http\\Response->setContent(Object(Illuminate\\View\\View))
#9 C:\\Users\\user\\Documents\\WEB PROJECTS\\TEKIPLANET\\tekiplanet-done-with-front\\backend\\vendor\\laravel\\framework\\src\\Illuminate\\Routing\\Router.php(918): Illuminate\\Http\\Response->__construct(Object(Illuminate\\View\\View), 200, Array)
#10 C:\\Users\\user\\Documents\\WEB PROJECTS\\TEKIPLANET\\tekiplanet-done-with-front\\backend\\vendor\\laravel\\framework\\src\\Illuminate\\Routing\\Router.php(885): Illuminate\\Routing\\Router::toResponse(Object(Illuminate\\Http\\Request), Object(Illuminate\\View\\View))
#11 C:\\Users\\user\\Documents\\WEB PROJECTS\\TEKIPLANET\\tekiplanet-done-with-front\\backend\\vendor\\laravel\\framework\\src\\Illuminate\\Routing\\Router.php(806): Illuminate\\Routing\\Router->prepareResponse(Object(Illuminate\\Http\\Request), Object(Illuminate\\View\\View))
#12 C:\\Users\\user\\Documents\\WEB PROJECTS\\TEKIPLANET\\tekiplanet-done-with-front\\backend\\vendor\\laravel\\framework\\src\\Illuminate\\Pipeline\\Pipeline.php(144): Illuminate\\Routing\\Router->Illuminate\\Routing\\{closure}(Object(Illuminate\\Http\\Request))
#13 C:\\Users\\user\\Documents\\WEB PROJECTS\\TEKIPLANET\\tekiplanet-done-with-front\\backend\\vendor\\laravel\\framework\\src\\Illuminate\\Routing\\Middleware\\SubstituteBindings.php(50): Illuminate\\Pipeline\\Pipeline->Illuminate\\Pipeline\\{closure}(Object(Illuminate\\Http\\Request))
#14 C:\\Users\\user\\Documents\\WEB PROJECTS\\TEKIPLANET\\tekiplanet-done-with-front\\backend\\vendor\\laravel\\framework\\src\\Illuminate\\Pipeline\\Pipeline.php(183): Illuminate\\Routing\\Middleware\\SubstituteBindings->handle(Object(Illuminate\\Http\\Request), Object(Closure))
#15 C:\\Users\\user\\Documents\\WEB PROJECTS\\TEKIPLANET\\tekiplanet-done-with-front\\backend\\vendor\\laravel\\framework\\src\\Illuminate\\Auth\\Middleware\\Authenticate.php(57): Illuminate\\Pipeline\\Pipeline->Illuminate\\Pipeline\\{closure}(Object(Illuminate\\Http\\Request))
#16 C:\\Users\\user\\Documents\\WEB PROJECTS\\TEKIPLANET\\tekiplanet-done-with-front\\backend\\vendor\\laravel\\framework\\src\\Illuminate\\Pipeline\\Pipeline.php(183): Illuminate\\Auth\\Middleware\\Authenticate->handle(Object(Illuminate\\Http\\Request), Object(Closure), 'admin')
#17 C:\\Users\\user\\Documents\\WEB PROJECTS\\TEKIPLANET\\tekiplanet-done-with-front\\backend\\vendor\\laravel\\framework\\src\\Illuminate\\Foundation\\Http\\Middleware\\VerifyCsrfToken.php(78): Illuminate\\Pipeline\\Pipeline->Illuminate\\Pipeline\\{closure}(Object(Illuminate\\Http\\Request))
#18 C:\\Users\\user\\Documents\\WEB PROJECTS\\TEKIPLANET\\tekiplanet-done-with-front\\backend\\vendor\\laravel\\framework\\src\\Illuminate\\Pipeline\\Pipeline.php(183): Illuminate\\Foundation\\Http\\Middleware\\VerifyCsrfToken->handle(Object(Illuminate\\Http\\Request), Object(Closure))
#19 C:\\Users\\user\\Documents\\WEB PROJECTS\\TEKIPLANET\\tekiplanet-done-with-front\\backend\\vendor\\laravel\\framework\\src\\Illuminate\\View\\Middleware\\ShareErrorsFromSession.php(49): Illuminate\\Pipeline\\Pipeline->Illuminate\\Pipeline\\{closure}(Object(Illuminate\\Http\\Request))
#20 C:\\Users\\user\\Documents\\WEB PROJECTS\\TEKIPLANET\\tekiplanet-done-with-front\\backend\\vendor\\laravel\\framework\\src\\Illuminate\\Pipeline\\Pipeline.php(183): Illuminate\\View\\Middleware\\ShareErrorsFromSession->handle(Object(Illuminate\\Http\\Request), Object(Closure))
#21 C:\\Users\\user\\Documents\\WEB PROJECTS\\TEKIPLANET\\tekiplanet-done-with-front\\backend\\vendor\\laravel\\framework\\src\\Illuminate\\Session\\Middleware\\StartSession.php(121): Illuminate\\Pipeline\\Pipeline->Illuminate\\Pipeline\\{closure}(Object(Illuminate\\Http\\Request))
#22 C:\\Users\\user\\Documents\\WEB PROJECTS\\TEKIPLANET\\tekiplanet-done-with-front\\backend\\vendor\\laravel\\framework\\src\\Illuminate\\Session\\Middleware\\StartSession.php(64): Illuminate\\Session\\Middleware\\StartSession->handleStatefulRequest(Object(Illuminate\\Http\\Request), Object(Illuminate\\Session\\Store), Object(Closure))
#23 C:\\Users\\user\\Documents\\WEB PROJECTS\\TEKIPLANET\\tekiplanet-done-with-front\\backend\\vendor\\laravel\\framework\\src\\Illuminate\\Pipeline\\Pipeline.php(183): Illuminate\\Session\\Middleware\\StartSession->handle(Object(Illuminate\\Http\\Request), Object(Closure))
#24 C:\\Users\\user\\Documents\\WEB PROJECTS\\TEKIPLANET\\tekiplanet-done-with-front\\backend\\vendor\\laravel\\framework\\src\\Illuminate\\Cookie\\Middleware\\AddQueuedCookiesToResponse.php(37): Illuminate\\Pipeline\\Pipeline->Illuminate\\Pipeline\\{closure}(Object(Illuminate\\Http\\Request))
#25 C:\\Users\\user\\Documents\\WEB PROJECTS\\TEKIPLANET\\tekiplanet-done-with-front\\backend\\vendor\\laravel\\framework\\src\\Illuminate\\Pipeline\\Pipeline.php(183): Illuminate\\Cookie\\Middleware\\AddQueuedCookiesToResponse->handle(Object(Illuminate\\Http\\Request), Object(Closure))
#26 C:\\Users\\user\\Documents\\WEB PROJECTS\\TEKIPLANET\\tekiplanet-done-with-front\\backend\\vendor\\laravel\\framework\\src\\Illuminate\\Cookie\\Middleware\\EncryptCookies.php(67): Illuminate\\Pipeline\\Pipeline->Illuminate\\Pipeline\\{closure}(Object(Illuminate\\Http\\Request))
#27 C:\\Users\\user\\Documents\\WEB PROJECTS\\TEKIPLANET\\tekiplanet-done-with-front\\backend\\vendor\\laravel\\framework\\src\\Illuminate\\Pipeline\\Pipeline.php(183): Illuminate\\Cookie\\Middleware\\EncryptCookies->handle(Object(Illuminate\\Http\\Request), Object(Closure))
#28 C:\\Users\\user\\Documents\\WEB PROJECTS\\TEKIPLANET\\tekiplanet-done-with-front\\backend\\vendor\\laravel\\framework\\src\\Illuminate\\Pipeline\\Pipeline.php(119): Illuminate\\Pipeline\\Pipeline->Illuminate\\Pipeline\\{closure}(Object(Illuminate\\Http\\Request))
#29 C:\\Users\\user\\Documents\\WEB PROJECTS\\TEKIPLANET\\tekiplanet-done-with-front\\backend\\vendor\\laravel\\framework\\src\\Illuminate\\Routing\\Router.php(807): Illuminate\\Pipeline\\Pipeline->then(Object(Closure))
#30 C:\\Users\\user\\Documents\\WEB PROJECTS\\TEKIPLANET\\tekiplanet-done-with-front\\backend\\vendor\\laravel\\framework\\src\\Illuminate\\Routing\\Router.php(784): Illuminate\\Routing\\Router->runRouteWithinStack(Object(Illuminate\\Routing\\Route), Object(Illuminate\\Http\\Request))
#31 C:\\Users\\user\\Documents\\WEB PROJECTS\\TEKIPLANET\\tekiplanet-done-with-front\\backend\\vendor\\laravel\\framework\\src\\Illuminate\\Routing\\Router.php(748): Illuminate\\Routing\\Router->runRoute(Object(Illuminate\\Http\\Request), Object(Illuminate\\Routing\\Route))
#32 C:\\Users\\user\\Documents\\WEB PROJECTS\\TEKIPLANET\\tekiplanet-done-with-front\\backend\\vendor\\laravel\\framework\\src\\Illuminate\\Routing\\Router.php(737): Illuminate\\Routing\\Router->dispatchToRoute(Object(Illuminate\\Http\\Request))
#33 C:\\Users\\user\\Documents\\WEB PROJECTS\\TEKIPLANET\\tekiplanet-done-with-front\\backend\\vendor\\laravel\\framework\\src\\Illuminate\\Foundation\\Http\\Kernel.php(200): Illuminate\\Routing\\Router->dispatch(Object(Illuminate\\Http\\Request))
#34 C:\\Users\\user\\Documents\\WEB PROJECTS\\TEKIPLANET\\tekiplanet-done-with-front\\backend\\vendor\\laravel\\framework\\src\\Illuminate\\Pipeline\\Pipeline.php(144): Illuminate\\Foundation\\Http\\Kernel->Illuminate\\Foundation\\Http\\{closure}(Object(Illuminate\\Http\\Request))
#35 C:\\Users\\user\\Documents\\WEB PROJECTS\\TEKIPLANET\\tekiplanet-done-with-front\\backend\\vendor\\laravel\\framework\\src\\Illuminate\\Foundation\\Http\\Middleware\\TransformsRequest.php(21): Illuminate\\Pipeline\\Pipeline->Illuminate\\Pipeline\\{closure}(Object(Illuminate\\Http\\Request))
#36 C:\\Users\\user\\Documents\\WEB PROJECTS\\TEKIPLANET\\tekiplanet-done-with-front\\backend\\vendor\\laravel\\framework\\src\\Illuminate\\Foundation\\Http\\Middleware\\ConvertEmptyStringsToNull.php(31): Illuminate\\Foundation\\Http\\Middleware\\TransformsRequest->handle(Object(Illuminate\\Http\\Request), Object(Closure))
#37 C:\\Users\\user\\Documents\\WEB PROJECTS\\TEKIPLANET\\tekiplanet-done-with-front\\backend\\vendor\\laravel\\framework\\src\\Illuminate\\Pipeline\\Pipeline.php(183): Illuminate\\Foundation\\Http\\Middleware\\ConvertEmptyStringsToNull->handle(Object(Illuminate\\Http\\Request), Object(Closure))
#38 C:\\Users\\user\\Documents\\WEB PROJECTS\\TEKIPLANET\\tekiplanet-done-with-front\\backend\\vendor\\laravel\\framework\\src\\Illuminate\\Foundation\\Http\\Middleware\\TransformsRequest.php(21): Illuminate\\Pipeline\\Pipeline->Illuminate\\Pipeline\\{closure}(Object(Illuminate\\Http\\Request))
#39 C:\\Users\\user\\Documents\\WEB PROJECTS\\TEKIPLANET\\tekiplanet-done-with-front\\backend\\vendor\\laravel\\framework\\src\\Illuminate\\Foundation\\Http\\Middleware\\TrimStrings.php(40): Illuminate\\Foundation\\Http\\Middleware\\TransformsRequest->handle(Object(Illuminate\\Http\\Request), Object(Closure))
#40 C:\\Users\\user\\Documents\\WEB PROJECTS\\TEKIPLANET\\tekiplanet-done-with-front\\backend\\vendor\\laravel\\framework\\src\\Illuminate\\Pipeline\\Pipeline.php(183): Illuminate\\Foundation\\Http\\Middleware\\TrimStrings->handle(Object(Illuminate\\Http\\Request), Object(Closure))
#41 C:\\Users\\user\\Documents\\WEB PROJECTS\\TEKIPLANET\\tekiplanet-done-with-front\\backend\\vendor\\laravel\\framework\\src\\Illuminate\\Foundation\\Http\\Middleware\\ValidatePostSize.php(27): Illuminate\\Pipeline\\Pipeline->Illuminate\\Pipeline\\{closure}(Object(Illuminate\\Http\\Request))
#42 C:\\Users\\user\\Documents\\WEB PROJECTS\\TEKIPLANET\\tekiplanet-done-with-front\\backend\\vendor\\laravel\\framework\\src\\Illuminate\\Pipeline\\Pipeline.php(183): Illuminate\\Foundation\\Http\\Middleware\\ValidatePostSize->handle(Object(Illuminate\\Http\\Request), Object(Closure))
#43 C:\\Users\\user\\Documents\\WEB PROJECTS\\TEKIPLANET\\tekiplanet-done-with-front\\backend\\vendor\\laravel\\framework\\src\\Illuminate\\Foundation\\Http\\Middleware\\PreventRequestsDuringMaintenance.php(99): Illuminate\\Pipeline\\Pipeline->Illuminate\\Pipeline\\{closure}(Object(Illuminate\\Http\\Request))
#44 C:\\Users\\user\\Documents\\WEB PROJECTS\\TEKIPLANET\\tekiplanet-done-with-front\\backend\\vendor\\laravel\\framework\\src\\Illuminate\\Pipeline\\Pipeline.php(183): Illuminate\\Foundation\\Http\\Middleware\\PreventRequestsDuringMaintenance->handle(Object(Illuminate\\Http\\Request), Object(Closure))
#45 C:\\Users\\user\\Documents\\WEB PROJECTS\\TEKIPLANET\\tekiplanet-done-with-front\\backend\\vendor\\laravel\\framework\\src\\Illuminate\\Http\\Middleware\\HandleCors.php(62): Illuminate\\Pipeline\\Pipeline->Illuminate\\Pipeline\\{closure}(Object(Illuminate\\Http\\Request))
#46 C:\\Users\\user\\Documents\\WEB PROJECTS\\TEKIPLANET\\tekiplanet-done-with-front\\backend\\vendor\\laravel\\framework\\src\\Illuminate\\Pipeline\\Pipeline.php(183): Illuminate\\Http\\Middleware\\HandleCors->handle(Object(Illuminate\\Http\\Request), Object(Closure))
#47 C:\\Users\\user\\Documents\\WEB PROJECTS\\TEKIPLANET\\tekiplanet-done-with-front\\backend\\vendor\\laravel\\framework\\src\\Illuminate\\Http\\Middleware\\TrustProxies.php(39): Illuminate\\Pipeline\\Pipeline->Illuminate\\Pipeline\\{closure}(Object(Illuminate\\Http\\Request))
#48 C:\\Users\\user\\Documents\\WEB PROJECTS\\TEKIPLANET\\tekiplanet-done-with-front\\backend\\vendor\\laravel\\framework\\src\\Illuminate\\Pipeline\\Pipeline.php(183): Illuminate\\Http\\Middleware\\TrustProxies->handle(Object(Illuminate\\Http\\Request), Object(Closure))
#49 C:\\Users\\user\\Documents\\WEB PROJECTS\\TEKIPLANET\\tekiplanet-done-with-front\\backend\\vendor\\laravel\\framework\\src\\Illuminate\\Pipeline\\Pipeline.php(119): Illuminate\\Pipeline\\Pipeline->Illuminate\\Pipeline\\{closure}(Object(Illuminate\\Http\\Request))
#50 C:\\Users\\user\\Documents\\WEB PROJECTS\\TEKIPLANET\\tekiplanet-done-with-front\\backend\\vendor\\laravel\\framework\\src\\Illuminate\\Foundation\\Http\\Kernel.php(175): Illuminate\\Pipeline\\Pipeline->then(Object(Closure))
#51 C:\\Users\\user\\Documents\\WEB PROJECTS\\TEKIPLANET\\tekiplanet-done-with-front\\backend\\vendor\\laravel\\framework\\src\\Illuminate\\Foundation\\Http\\Kernel.php(144): Illuminate\\Foundation\\Http\\Kernel->sendRequestThroughRouter(Object(Illuminate\\Http\\Request))
#52 C:\\Users\\user\\Documents\\WEB PROJECTS\\TEKIPLANET\\tekiplanet-done-with-front\\backend\\public\\index.php(52): Illuminate\\Foundation\\Http\\Kernel->handle(Object(Illuminate\\Http\\Request))
#53 C:\\Users\\user\\Documents\\WEB PROJECTS\\TEKIPLANET\\tekiplanet-done-with-front\\backend\\vendor\\laravel\\framework\\src\\Illuminate\\Foundation\\resources\\server.php(16): require_once('C:\\\\Users\\\\user\\\\D...')
#54 {main}

[previous exception] [object] (ErrorException(code: 0): foreach() argument must be of type array|object, string given at C:\\Users\\user\\Documents\\WEB PROJECTS\\TEKIPLANET\\tekiplanet-done-with-front\\backend\\storage\\framework\\views\\3c2a0f5d447817de7cb304758ecc67e5.php:92)
[stacktrace]
#0 C:\\Users\\user\\Documents\\WEB PROJECTS\\TEKIPLANET\\tekiplanet-done-with-front\\backend\\vendor\\laravel\\framework\\src\\Illuminate\\Foundation\\Bootstrap\\HandleExceptions.php(255): Illuminate\\Foundation\\Bootstrap\\HandleExceptions->handleError(2, 'foreach() argum...', 'C:\\\\Users\\\\user\\\\D...', 92)
#1 C:\\Users\\user\\Documents\\WEB PROJECTS\\TEKIPLANET\\tekiplanet-done-with-front\\backend\\storage\\framework\\views\\3c2a0f5d447817de7cb304758ecc67e5.php(92): Illuminate\\Foundation\\Bootstrap\\HandleExceptions->Illuminate\\Foundation\\Bootstrap\\{closure}(2, 'foreach() argum...', 'C:\\\\Users\\\\user\\\\D...', 92)
#2 C:\\Users\\user\\Documents\\WEB PROJECTS\\TEKIPLANET\\tekiplanet-done-with-front\\backend\\vendor\\laravel\\framework\\src\\Illuminate\\Filesystem\\Filesystem.php(123): require('C:\\\\Users\\\\user\\\\D...')
#3 C:\\Users\\user\\Documents\\WEB PROJECTS\\TEKIPLANET\\tekiplanet-done-with-front\\backend\\vendor\\laravel\\framework\\src\\Illuminate\\Filesystem\\Filesystem.php(124): Illuminate\\Filesystem\\Filesystem::Illuminate\\Filesystem\\{closure}()
#4 C:\\Users\\user\\Documents\\WEB PROJECTS\\TEKIPLANET\\tekiplanet-done-with-front\\backend\\vendor\\laravel\\framework\\src\\Illuminate\\View\\Engines\\PhpEngine.php(58): Illuminate\\Filesystem\\Filesystem->getRequire('C:\\\\Users\\\\user\\\\D...', Array)
#5 C:\\Users\\user\\Documents\\WEB PROJECTS\\TEKIPLANET\\tekiplanet-done-with-front\\backend\\vendor\\laravel\\framework\\src\\Illuminate\\View\\Engines\\CompilerEngine.php(72): Illuminate\\View\\Engines\\PhpEngine->evaluatePath('C:\\\\Users\\\\user\\\\D...', Array)
#6 C:\\Users\\user\\Documents\\WEB PROJECTS\\TEKIPLANET\\tekiplanet-done-with-front\\backend\\vendor\\laravel\\framework\\src\\Illuminate\\View\\View.php(207): Illuminate\\View\\Engines\\CompilerEngine->get('C:\\\\Users\\\\user\\\\D...', Array)
#7 C:\\Users\\user\\Documents\\WEB PROJECTS\\TEKIPLANET\\tekiplanet-done-with-front\\backend\\vendor\\laravel\\framework\\src\\Illuminate\\View\\View.php(190): Illuminate\\View\\View->getContents()
#8 C:\\Users\\user\\Documents\\WEB PROJECTS\\TEKIPLANET\\tekiplanet-done-with-front\\backend\\vendor\\laravel\\framework\\src\\Illuminate\\View\\View.php(159): Illuminate\\View\\View->renderContents()
#9 C:\\Users\\user\\Documents\\WEB PROJECTS\\TEKIPLANET\\tekiplanet-done-with-front\\backend\\vendor\\laravel\\framework\\src\\Illuminate\\Http\\Response.php(69): Illuminate\\View\\View->render()
#10 C:\\Users\\user\\Documents\\WEB PROJECTS\\TEKIPLANET\\tekiplanet-done-with-front\\backend\\vendor\\laravel\\framework\\src\\Illuminate\\Http\\Response.php(35): Illuminate\\Http\\Response->setContent(Object(Illuminate\\View\\View))
#11 C:\\Users\\user\\Documents\\WEB PROJECTS\\TEKIPLANET\\tekiplanet-done-with-front\\backend\\vendor\\laravel\\framework\\src\\Illuminate\\Routing\\Router.php(918): Illuminate\\Http\\Response->__construct(Object(Illuminate\\View\\View), 200, Array)
#12 C:\\Users\\user\\Documents\\WEB PROJECTS\\TEKIPLANET\\tekiplanet-done-with-front\\backend\\vendor\\laravel\\framework\\src\\Illuminate\\Routing\\Router.php(885): Illuminate\\Routing\\Router::toResponse(Object(Illuminate\\Http\\Request), Object(Illuminate\\View\\View))
#13 C:\\Users\\user\\Documents\\WEB PROJECTS\\TEKIPLANET\\tekiplanet-done-with-front\\backend\\vendor\\laravel\\framework\\src\\Illuminate\\Routing\\Router.php(806): Illuminate\\Routing\\Router->prepareResponse(Object(Illuminate\\Http\\Request), Object(Illuminate\\View\\View))
#14 C:\\Users\\user\\Documents\\WEB PROJECTS\\TEKIPLANET\\tekiplanet-done-with-front\\backend\\vendor\\laravel\\framework\\src\\Illuminate\\Pipeline\\Pipeline.php(144): Illuminate\\Routing\\Router->Illuminate\\Routing\\{closure}(Object(Illuminate\\Http\\Request))
#15 C:\\Users\\user\\Documents\\WEB PROJECTS\\TEKIPLANET\\tekiplanet-done-with-front\\backend\\vendor\\laravel\\framework\\src\\Illuminate\\Routing\\Middleware\\SubstituteBindings.php(50): Illuminate\\Pipeline\\Pipeline->Illuminate\\Pipeline\\{closure}(Object(Illuminate\\Http\\Request))
#16 C:\\Users\\user\\Documents\\WEB PROJECTS\\TEKIPLANET\\tekiplanet-done-with-front\\backend\\vendor\\laravel\\framework\\src\\Illuminate\\Pipeline\\Pipeline.php(183): Illuminate\\Routing\\Middleware\\SubstituteBindings->handle(Object(Illuminate\\Http\\Request), Object(Closure))
#17 C:\\Users\\user\\Documents\\WEB PROJECTS\\TEKIPLANET\\tekiplanet-done-with-front\\backend\\vendor\\laravel\\framework\\src\\Illuminate\\Auth\\Middleware\\Authenticate.php(57): Illuminate\\Pipeline\\Pipeline->Illuminate\\Pipeline\\{closure}(Object(Illuminate\\Http\\Request))
#18 C:\\Users\\user\\Documents\\WEB PROJECTS\\TEKIPLANET\\tekiplanet-done-with-front\\backend\\vendor\\laravel\\framework\\src\\Illuminate\\Pipeline\\Pipeline.php(183): Illuminate\\Auth\\Middleware\\Authenticate->handle(Object(Illuminate\\Http\\Request), Object(Closure), 'admin')
#19 C:\\Users\\user\\Documents\\WEB PROJECTS\\TEKIPLANET\\tekiplanet-done-with-front\\backend\\vendor\\laravel\\framework\\src\\Illuminate\\Foundation\\Http\\Middleware\\VerifyCsrfToken.php(78): Illuminate\\Pipeline\\Pipeline->Illuminate\\Pipeline\\{closure}(Object(Illuminate\\Http\\Request))
#20 C:\\Users\\user\\Documents\\WEB PROJECTS\\TEKIPLANET\\tekiplanet-done-with-front\\backend\\vendor\\laravel\\framework\\src\\Illuminate\\Pipeline\\Pipeline.php(183): Illuminate\\Foundation\\Http\\Middleware\\VerifyCsrfToken->handle(Object(Illuminate\\Http\\Request), Object(Closure))
#21 C:\\Users\\user\\Documents\\WEB PROJECTS\\TEKIPLANET\\tekiplanet-done-with-front\\backend\\vendor\\laravel\\framework\\src\\Illuminate\\View\\Middleware\\ShareErrorsFromSession.php(49): Illuminate\\Pipeline\\Pipeline->Illuminate\\Pipeline\\{closure}(Object(Illuminate\\Http\\Request))
#22 C:\\Users\\user\\Documents\\WEB PROJECTS\\TEKIPLANET\\tekiplanet-done-with-front\\backend\\vendor\\laravel\\framework\\src\\Illuminate\\Pipeline\\Pipeline.php(183): Illuminate\\View\\Middleware\\ShareErrorsFromSession->handle(Object(Illuminate\\Http\\Request), Object(Closure))
#23 C:\\Users\\user\\Documents\\WEB PROJECTS\\TEKIPLANET\\tekiplanet-done-with-front\\backend\\vendor\\laravel\\framework\\src\\Illuminate\\Session\\Middleware\\StartSession.php(121): Illuminate\\Pipeline\\Pipeline->Illuminate\\Pipeline\\{closure}(Object(Illuminate\\Http\\Request))
#24 C:\\Users\\user\\Documents\\WEB PROJECTS\\TEKIPLANET\\tekiplanet-done-with-front\\backend\\vendor\\laravel\\framework\\src\\Illuminate\\Session\\Middleware\\StartSession.php(64): Illuminate\\Session\\Middleware\\StartSession->handleStatefulRequest(Object(Illuminate\\Http\\Request), Object(Illuminate\\Session\\Store), Object(Closure))
#25 C:\\Users\\user\\Documents\\WEB PROJECTS\\TEKIPLANET\\tekiplanet-done-with-front\\backend\\vendor\\laravel\\framework\\src\\Illuminate\\Pipeline\\Pipeline.php(183): Illuminate\\Session\\Middleware\\StartSession->handle(Object(Illuminate\\Http\\Request), Object(Closure))
#26 C:\\Users\\user\\Documents\\WEB PROJECTS\\TEKIPLANET\\tekiplanet-done-with-front\\backend\\vendor\\laravel\\framework\\src\\Illuminate\\Cookie\\Middleware\\AddQueuedCookiesToResponse.php(37): Illuminate\\Pipeline\\Pipeline->Illuminate\\Pipeline\\{closure}(Object(Illuminate\\Http\\Request))
#27 C:\\Users\\user\\Documents\\WEB PROJECTS\\TEKIPLANET\\tekiplanet-done-with-front\\backend\\vendor\\laravel\\framework\\src\\Illuminate\\Pipeline\\Pipeline.php(183): Illuminate\\Cookie\\Middleware\\AddQueuedCookiesToResponse->handle(Object(Illuminate\\Http\\Request), Object(Closure))
#28 C:\\Users\\user\\Documents\\WEB PROJECTS\\TEKIPLANET\\tekiplanet-done-with-front\\backend\\vendor\\laravel\\framework\\src\\Illuminate\\Cookie\\Middleware\\EncryptCookies.php(67): Illuminate\\Pipeline\\Pipeline->Illuminate\\Pipeline\\{closure}(Object(Illuminate\\Http\\Request))
#29 C:\\Users\\user\\Documents\\WEB PROJECTS\\TEKIPLANET\\tekiplanet-done-with-front\\backend\\vendor\\laravel\\framework\\src\\Illuminate\\Pipeline\\Pipeline.php(183): Illuminate\\Cookie\\Middleware\\EncryptCookies->handle(Object(Illuminate\\Http\\Request), Object(Closure))
#30 C:\\Users\\user\\Documents\\WEB PROJECTS\\TEKIPLANET\\tekiplanet-done-with-front\\backend\\vendor\\laravel\\framework\\src\\Illuminate\\Pipeline\\Pipeline.php(119): Illuminate\\Pipeline\\Pipeline->Illuminate\\Pipeline\\{closure}(Object(Illuminate\\Http\\Request))
#31 C:\\Users\\user\\Documents\\WEB PROJECTS\\TEKIPLANET\\tekiplanet-done-with-front\\backend\\vendor\\laravel\\framework\\src\\Illuminate\\Routing\\Router.php(807): Illuminate\\Pipeline\\Pipeline->then(Object(Closure))
#32 C:\\Users\\user\\Documents\\WEB PROJECTS\\TEKIPLANET\\tekiplanet-done-with-front\\backend\\vendor\\laravel\\framework\\src\\Illuminate\\Routing\\Router.php(784): Illuminate\\Routing\\Router->runRouteWithinStack(Object(Illuminate\\Routing\\Route), Object(Illuminate\\Http\\Request))
#33 C:\\Users\\user\\Documents\\WEB PROJECTS\\TEKIPLANET\\tekiplanet-done-with-front\\backend\\vendor\\laravel\\framework\\src\\Illuminate\\Routing\\Router.php(748): Illuminate\\Routing\\Router->runRoute(Object(Illuminate\\Http\\Request), Object(Illuminate\\Routing\\Route))
#34 C:\\Users\\user\\Documents\\WEB PROJECTS\\TEKIPLANET\\tekiplanet-done-with-front\\backend\\vendor\\laravel\\framework\\src\\Illuminate\\Routing\\Router.php(737): Illuminate\\Routing\\Router->dispatchToRoute(Object(Illuminate\\Http\\Request))
#35 C:\\Users\\user\\Documents\\WEB PROJECTS\\TEKIPLANET\\tekiplanet-done-with-front\\backend\\vendor\\laravel\\framework\\src\\Illuminate\\Foundation\\Http\\Kernel.php(200): Illuminate\\Routing\\Router->dispatch(Object(Illuminate\\Http\\Request))
#36 C:\\Users\\user\\Documents\\WEB PROJECTS\\TEKIPLANET\\tekiplanet-done-with-front\\backend\\vendor\\laravel\\framework\\src\\Illuminate\\Pipeline\\Pipeline.php(144): Illuminate\\Foundation\\Http\\Kernel->Illuminate\\Foundation\\Http\\{closure}(Object(Illuminate\\Http\\Request))
#37 C:\\Users\\user\\Documents\\WEB PROJECTS\\TEKIPLANET\\tekiplanet-done-with-front\\backend\\vendor\\laravel\\framework\\src\\Illuminate\\Foundation\\Http\\Middleware\\TransformsRequest.php(21): Illuminate\\Pipeline\\Pipeline->Illuminate\\Pipeline\\{closure}(Object(Illuminate\\Http\\Request))
#38 C:\\Users\\user\\Documents\\WEB PROJECTS\\TEKIPLANET\\tekiplanet-done-with-front\\backend\\vendor\\laravel\\framework\\src\\Illuminate\\Foundation\\Http\\Middleware\\ConvertEmptyStringsToNull.php(31): Illuminate\\Foundation\\Http\\Middleware\\TransformsRequest->handle(Object(Illuminate\\Http\\Request), Object(Closure))
#39 C:\\Users\\user\\Documents\\WEB PROJECTS\\TEKIPLANET\\tekiplanet-done-with-front\\backend\\vendor\\laravel\\framework\\src\\Illuminate\\Pipeline\\Pipeline.php(183): Illuminate\\Foundation\\Http\\Middleware\\ConvertEmptyStringsToNull->handle(Object(Illuminate\\Http\\Request), Object(Closure))
#40 C:\\Users\\user\\Documents\\WEB PROJECTS\\TEKIPLANET\\tekiplanet-done-with-front\\backend\\vendor\\laravel\\framework\\src\\Illuminate\\Foundation\\Http\\Middleware\\TransformsRequest.php(21): Illuminate\\Pipeline\\Pipeline->Illuminate\\Pipeline\\{closure}(Object(Illuminate\\Http\\Request))
#41 C:\\Users\\user\\Documents\\WEB PROJECTS\\TEKIPLANET\\tekiplanet-done-with-front\\backend\\vendor\\laravel\\framework\\src\\Illuminate\\Foundation\\Http\\Middleware\\TrimStrings.php(40): Illuminate\\Foundation\\Http\\Middleware\\TransformsRequest->handle(Object(Illuminate\\Http\\Request), Object(Closure))
#42 C:\\Users\\user\\Documents\\WEB PROJECTS\\TEKIPLANET\\tekiplanet-done-with-front\\backend\\vendor\\laravel\\framework\\src\\Illuminate\\Pipeline\\Pipeline.php(183): Illuminate\\Foundation\\Http\\Middleware\\TrimStrings->handle(Object(Illuminate\\Http\\Request), Object(Closure))
#43 C:\\Users\\user\\Documents\\WEB PROJECTS\\TEKIPLANET\\tekiplanet-done-with-front\\backend\\vendor\\laravel\\framework\\src\\Illuminate\\Foundation\\Http\\Middleware\\ValidatePostSize.php(27): Illuminate\\Pipeline\\Pipeline->Illuminate\\Pipeline\\{closure}(Object(Illuminate\\Http\\Request))
#44 C:\\Users\\user\\Documents\\WEB PROJECTS\\TEKIPLANET\\tekiplanet-done-with-front\\backend\\vendor\\laravel\\framework\\src\\Illuminate\\Pipeline\\Pipeline.php(183): Illuminate\\Foundation\\Http\\Middleware\\ValidatePostSize->handle(Object(Illuminate\\Http\\Request), Object(Closure))
#45 C:\\Users\\user\\Documents\\WEB PROJECTS\\TEKIPLANET\\tekiplanet-done-with-front\\backend\\vendor\\laravel\\framework\\src\\Illuminate\\Foundation\\Http\\Middleware\\PreventRequestsDuringMaintenance.php(99): Illuminate\\Pipeline\\Pipeline->Illuminate\\Pipeline\\{closure}(Object(Illuminate\\Http\\Request))
#46 C:\\Users\\user\\Documents\\WEB PROJECTS\\TEKIPLANET\\tekiplanet-done-with-front\\backend\\vendor\\laravel\\framework\\src\\Illuminate\\Pipeline\\Pipeline.php(183): Illuminate\\Foundation\\Http\\Middleware\\PreventRequestsDuringMaintenance->handle(Object(Illuminate\\Http\\Request), Object(Closure))
#47 C:\\Users\\user\\Documents\\WEB PROJECTS\\TEKIPLANET\\tekiplanet-done-with-front\\backend\\vendor\\laravel\\framework\\src\\Illuminate\\Http\\Middleware\\HandleCors.php(62): Illuminate\\Pipeline\\Pipeline->Illuminate\\Pipeline\\{closure}(Object(Illuminate\\Http\\Request))
#48 C:\\Users\\user\\Documents\\WEB PROJECTS\\TEKIPLANET\\tekiplanet-done-with-front\\backend\\vendor\\laravel\\framework\\src\\Illuminate\\Pipeline\\Pipeline.php(183): Illuminate\\Http\\Middleware\\HandleCors->handle(Object(Illuminate\\Http\\Request), Object(Closure))
#49 C:\\Users\\user\\Documents\\WEB PROJECTS\\TEKIPLANET\\tekiplanet-done-with-front\\backend\\vendor\\laravel\\framework\\src\\Illuminate\\Http\\Middleware\\TrustProxies.php(39): Illuminate\\Pipeline\\Pipeline->Illuminate\\Pipeline\\{closure}(Object(Illuminate\\Http\\Request))
#50 C:\\Users\\user\\Documents\\WEB PROJECTS\\TEKIPLANET\\tekiplanet-done-with-front\\backend\\vendor\\laravel\\framework\\src\\Illuminate\\Pipeline\\Pipeline.php(183): Illuminate\\Http\\Middleware\\TrustProxies->handle(Object(Illuminate\\Http\\Request), Object(Closure))
#51 C:\\Users\\user\\Documents\\WEB PROJECTS\\TEKIPLANET\\tekiplanet-done-with-front\\backend\\vendor\\laravel\\framework\\src\\Illuminate\\Pipeline\\Pipeline.php(119): Illuminate\\Pipeline\\Pipeline->Illuminate\\Pipeline\\{closure}(Object(Illuminate\\Http\\Request))
#52 C:\\Users\\user\\Documents\\WEB PROJECTS\\TEKIPLANET\\tekiplanet-done-with-front\\backend\\vendor\\laravel\\framework\\src\\Illuminate\\Foundation\\Http\\Kernel.php(175): Illuminate\\Pipeline\\Pipeline->then(Object(Closure))
#53 C:\\Users\\user\\Documents\\WEB PROJECTS\\TEKIPLANET\\tekiplanet-done-with-front\\backend\\vendor\\laravel\\framework\\src\\Illuminate\\Foundation\\Http\\Kernel.php(144): Illuminate\\Foundation\\Http\\Kernel->sendRequestThroughRouter(Object(Illuminate\\Http\\Request))
#54 C:\\Users\\user\\Documents\\WEB PROJECTS\\TEKIPLANET\\tekiplanet-done-with-front\\backend\\public\\index.php(52): Illuminate\\Foundation\\Http\\Kernel->handle(Object(Illuminate\\Http\\Request))
#55 C:\\Users\\user\\Documents\\WEB PROJECTS\\TEKIPLANET\\tekiplanet-done-with-front\\backend\\vendor\\laravel\\framework\\src\\Illuminate\\Foundation\\resources\\server.php(16): require_once('C:\\\\Users\\\\user\\\\D...')
#56 {main}
"} 
[2024-12-27 10:34:24] local.INFO: Creating notification: {"type":"transaction_status_updated","title":"Transaction Completed","message":"Your transaction #BT-l1xtyVQQBP has been completed successfully. Credited 17000.00 to wallet on completion","action_url":"/transactions/9dd2ff0a-c92f-40b3-abb5-9735b07fd7c2","extra_data":{"transaction_id":"9dd2ff0a-c92f-40b3-abb5-9735b07fd7c2","old_status":"completed","new_status":"completed","wallet_updated":true}} 
[2024-12-27 10:34:24] local.INFO: Notification created: {"id":"9dd30029-dea9-4bb5-b410-5f949d4ff61b"} 
[2024-12-27 10:34:24] local.INFO: Broadcasting notification  
[2024-12-27 10:37:44] local.INFO: Transactions with users: {"sample_transaction":{"App\\Models\\Transaction":{"id":"9dd2ff0a-c92f-40b3-abb5-9735b07fd7c2","user_id":"74116e3c-1a91-4b2a-b3b8-cebf23c792e6","amount":"17000.00","type":"credit","description":"Bank Transfer Funding","category":null,"status":"completed","payment_method":"Bank Transfer","reference_number":"BT-l1xtyVQQBP","notes":[{"status_update":{"from":"pending","to":"completed","date":"2024-12-27 10:34:22","note":"Your deposit has been processed"},"wallet_update":"Credited 17000.00 to wallet on completion"}],"created_at":"2024-12-27T10:31:15.000000Z","updated_at":"2024-12-27T10:34:22.000000Z","user":{"id":"74116e3c-1a91-4b2a-b3b8-cebf23c792e6","username":"maihiben","email":"maihiben@gmail.com","email_verified_at":null,"status":"active","first_name":"Ojabuo","last_name":"Miracle","bio":null,"timezone":null,"avatar":"http://192.168.43.190:8000/storage/avatars/z3DTCtt06J57iKagfSW8yKtgJk3WG1WTrJvIWLCj.jpg","account_type":"student","wallet_balance":"322406.51","dark_mode":true,"email_notifications":true,"push_notifications":false,"marketing_notifications":true,"profile_visibility":"public","created_at":"2024-12-20T20:02:31.000000Z","updated_at":"2024-12-27T10:34:22.000000Z","two_factor_enabled":false,"deleted_at":null}}},"has_user":"yes","user_details":{"App\\Models\\User":{"id":"74116e3c-1a91-4b2a-b3b8-cebf23c792e6","username":"maihiben","email":"maihiben@gmail.com","email_verified_at":null,"status":"active","first_name":"Ojabuo","last_name":"Miracle","bio":null,"timezone":null,"avatar":"http://192.168.43.190:8000/storage/avatars/z3DTCtt06J57iKagfSW8yKtgJk3WG1WTrJvIWLCj.jpg","account_type":"student","wallet_balance":"322406.51","dark_mode":true,"email_notifications":true,"push_notifications":false,"marketing_notifications":true,"profile_visibility":"public","created_at":"2024-12-20T20:02:31.000000Z","updated_at":"2024-12-27T10:34:22.000000Z","two_factor_enabled":false,"deleted_at":null}}} 
[2024-12-27 10:37:51] local.INFO: Transactions with users: {"sample_transaction":{"App\\Models\\Transaction":{"id":"9dcdd3b0-fc8f-47ab-a8b8-5f565e23787e","user_id":"3e2a1694-4958-4ff0-9d2d-a03031597266","amount":"5000.00","type":"debit","description":"Withdrawal to OPay Digital Services Limited (OPay) - 9029445486","category":"withdrawal","status":"failed","payment_method":"bank_transfer","reference_number":"WTH-676b1eae7214c","notes":{"bank_account_id":"9dcdd3a5-056d-42a9-8bf8-6dc0765c87c5","recipient_code":"RCP_sy6gf2xfyx7s9dt","0":{"status_update":{"from":"pending","to":"failed","date":"2024-12-27 10:15:06","note":"Your withdrawal request was cancelled due to incorrect bank details"},"wallet_update":"Credited back 5000.00 to wallet due to failed status"}},"created_at":"2024-12-24T20:50:54.000000Z","updated_at":"2024-12-27T10:15:06.000000Z","user":{"id":"3e2a1694-4958-4ff0-9d2d-a03031597266","username":"ruth","email":"omoiguiruth@gmail.com","email_verified_at":null,"status":"active","first_name":"Omoigui","last_name":"Ruth","bio":null,"timezone":null,"avatar":"http://192.168.43.190:8000/storage/avatars/cvabRtmZUv65WlPaYVsNRmX2tL06mzsdk9B5lG0b.jpg","account_type":"student","wallet_balance":"150915.36","dark_mode":false,"email_notifications":true,"push_notifications":true,"marketing_notifications":true,"profile_visibility":"public","created_at":"2024-12-24T15:57:23.000000Z","updated_at":"2024-12-27T10:15:06.000000Z","two_factor_enabled":true,"deleted_at":null}}},"has_user":"yes","user_details":{"App\\Models\\User":{"id":"3e2a1694-4958-4ff0-9d2d-a03031597266","username":"ruth","email":"omoiguiruth@gmail.com","email_verified_at":null,"status":"active","first_name":"Omoigui","last_name":"Ruth","bio":null,"timezone":null,"avatar":"http://192.168.43.190:8000/storage/avatars/cvabRtmZUv65WlPaYVsNRmX2tL06mzsdk9B5lG0b.jpg","account_type":"student","wallet_balance":"150915.36","dark_mode":false,"email_notifications":true,"push_notifications":true,"marketing_notifications":true,"profile_visibility":"public","created_at":"2024-12-24T15:57:23.000000Z","updated_at":"2024-12-27T10:15:06.000000Z","two_factor_enabled":true,"deleted_at":null}}} 
[2024-12-27 10:38:02] local.INFO: Transactions with users: {"sample_transaction":{"App\\Models\\Transaction":{"id":"9dd2ff0a-c92f-40b3-abb5-9735b07fd7c2","user_id":"74116e3c-1a91-4b2a-b3b8-cebf23c792e6","amount":"17000.00","type":"credit","description":"Bank Transfer Funding","category":null,"status":"completed","payment_method":"Bank Transfer","reference_number":"BT-l1xtyVQQBP","notes":[{"status_update":{"from":"pending","to":"completed","date":"2024-12-27 10:34:22","note":"Your deposit has been processed"},"wallet_update":"Credited 17000.00 to wallet on completion"}],"created_at":"2024-12-27T10:31:15.000000Z","updated_at":"2024-12-27T10:34:22.000000Z","user":{"id":"74116e3c-1a91-4b2a-b3b8-cebf23c792e6","username":"maihiben","email":"maihiben@gmail.com","email_verified_at":null,"status":"active","first_name":"Ojabuo","last_name":"Miracle","bio":null,"timezone":null,"avatar":"http://192.168.43.190:8000/storage/avatars/z3DTCtt06J57iKagfSW8yKtgJk3WG1WTrJvIWLCj.jpg","account_type":"student","wallet_balance":"322406.51","dark_mode":true,"email_notifications":true,"push_notifications":false,"marketing_notifications":true,"profile_visibility":"public","created_at":"2024-12-20T20:02:31.000000Z","updated_at":"2024-12-27T10:34:22.000000Z","two_factor_enabled":false,"deleted_at":null}}},"has_user":"yes","user_details":{"App\\Models\\User":{"id":"74116e3c-1a91-4b2a-b3b8-cebf23c792e6","username":"maihiben","email":"maihiben@gmail.com","email_verified_at":null,"status":"active","first_name":"Ojabuo","last_name":"Miracle","bio":null,"timezone":null,"avatar":"http://192.168.43.190:8000/storage/avatars/z3DTCtt06J57iKagfSW8yKtgJk3WG1WTrJvIWLCj.jpg","account_type":"student","wallet_balance":"322406.51","dark_mode":true,"email_notifications":true,"push_notifications":false,"marketing_notifications":true,"profile_visibility":"public","created_at":"2024-12-20T20:02:31.000000Z","updated_at":"2024-12-27T10:34:22.000000Z","two_factor_enabled":false,"deleted_at":null}}} 
